<?xml version="1.0" encoding="UTF-8"?>
<!-- Generated by org.testng.reporters.JUnitXMLReporter -->
<testsuite ignored="0" hostname="LAPTOP-GDGOH5RM" failures="0" tests="3" name="Default test" time="14.097" errors="0" timestamp="2025-10-18T16:08:57 IST">
  <testcase classname="com.TestCases.TC_Login" name="verify_validlogin" time="6.562"/>
  <testcase classname="com.TestCases.TC_Login" name="verify_Invalidlogin" time="0.558"/>
  <testcase classname="com.TestCases.TC_Login" name="verify_EmptyloginFields" time="1.73"/>
</testsuite> <!-- Default test -->
