<?xml version="1.0" encoding="UTF-8"?>
<testng-results ignored="0" total="1" passed="1" failed="0" skipped="0">
  <reporter-output>
  </reporter-output>
  <suite started-at="2025-10-29T19:48:56 IST" name="Default suite" finished-at="2025-10-29T19:49:10 IST" duration-ms="13459">
    <groups>
    </groups>
    <test started-at="2025-10-29T19:48:56 IST" name="Default test" finished-at="2025-10-29T19:49:10 IST" duration-ms="13459">
      <class name="com.TestCases.TC_Spicejet">
        <test-method signature="spicejetcheck()[pri:0, instance:com.TestCases.TC_Spicejet@799f10e1]" started-at="2025-10-29T19:48:56 IST" name="spicejetcheck" finished-at="2025-10-29T19:49:10 IST" duration-ms="13400" status="PASS">
          <reporter-output>
          </reporter-output>
        </test-method> <!-- spicejetcheck -->
      </class> <!-- com.TestCases.TC_Spicejet -->
    </test> <!-- Default test -->
  </suite> <!-- Default suite -->
</testng-results>
