<?xml version="1.0" encoding="UTF-8"?>
<testng-results ignored="0" total="1" passed="1" failed="0" skipped="0">
  <reporter-output>
  </reporter-output>
  <suite started-at="2025-10-18T23:29:40 IST" name="Default suite" finished-at="2025-10-18T23:29:57 IST" duration-ms="16535">
    <groups>
    </groups>
    <test started-at="2025-10-18T23:29:40 IST" name="Default test" finished-at="2025-10-18T23:29:57 IST" duration-ms="16535">
      <class name="com.TestCases.TC_Login">
        <test-method is-config="true" signature="setup()[pri:0, instance:com.TestCases.TC_Login@62379589]" started-at="2025-10-18T23:29:40 IST" name="setup" finished-at="2025-10-18T23:29:55 IST" duration-ms="14190" status="PASS">
          <reporter-output>
          </reporter-output>
        </test-method> <!-- setup -->
        <test-method signature="login()[pri:0, instance:com.TestCases.TC_Login@62379589]" started-at="2025-10-18T23:29:55 IST" name="login" finished-at="2025-10-18T23:29:56 IST" duration-ms="1814" status="PASS">
          <reporter-output>
          </reporter-output>
        </test-method> <!-- login -->
        <test-method is-config="true" signature="teardown()[pri:0, instance:com.TestCases.TC_Login@62379589]" started-at="2025-10-18T23:29:56 IST" name="teardown" finished-at="2025-10-18T23:29:57 IST" duration-ms="458" status="PASS">
          <reporter-output>
          </reporter-output>
        </test-method> <!-- teardown -->
      </class> <!-- com.TestCases.TC_Login -->
    </test> <!-- Default test -->
  </suite> <!-- Default suite -->
</testng-results>
